# JRE version: OpenJDK Runtime Environment (8.0_152-b01) (build 1.8.0_152-release-915-b01)
# Java VM: OpenJDK 64-Bit Server VM (25.152-b01 mixed mode windows-amd64 compressed oops)
Heap:
 PSYoungGen      total 407552K, used 284717K [0x00000000e0000000, 0x00000000fe100000, 0x0000000100000000)
  eden space 386048K, 73% used [0x00000000e0000000,0x00000000f160b5e0,0x00000000f7900000)
  from space 21504K, 0% used [0x00000000fcc00000,0x00000000fcc00000,0x00000000fe100000)
  to   space 53248K, 0% used [0x00000000f7900000,0x00000000f7900000,0x00000000fad00000)
 ParOldGen       total 245248K, used 62888K [0x00000000a0000000, 0x00000000aef80000, 0x00000000e0000000)
  object space 245248K, 25% used [0x00000000a0000000,0x00000000a3d6a2a8,0x00000000aef80000)
 Metaspace       used 92694K, capacity 100438K, committed 102220K, reserved 1138688K
  class space    used 11585K, capacity 13325K, committed 13696K, reserved 1048576K
GC Heap History (10 events):
Event: 6617.441 GC heap before
{Heap before GC invocations=48 (full 3):
 PSYoungGen      total 423424K, used 402631K [0x00000000e0000000, 0x00000000fdc00000, 0x0000000100000000)
  eden space 376832K, 100% used [0x00000000e0000000,0x00000000f7000000,0x00000000f7000000)
  from space 46592K, 55% used [0x00000000fae80000,0x00000000fc7b1cc8,0x00000000fdc00000)
  to   space 55296K, 0% used [0x00000000f7000000,0x00000000f7000000,0x00000000fa600000)
 ParOldGen       total 174592K, used 129555K [0x00000000a0000000, 0x00000000aaa80000, 0x00000000e0000000)
  object space 174592K, 74% used [0x00000000a0000000,0x00000000a7e84da0,0x00000000aaa80000)
 Metaspace       used 89689K, capacity 97565K, committed 97752K, reserved 1134592K
  class space    used 11305K, capacity 13054K, committed 13056K, reserved 1048576K
Event: 6617.450 GC heap after
Heap after GC invocations=48 (full 3):
 PSYoungGen      total 432128K, used 9697K [0x00000000e0000000, 0x00000000ff900000, 0x0000000100000000)
  eden space 376832K, 0% used [0x00000000e0000000,0x00000000e0000000,0x00000000f7000000)
  from space 55296K, 17% used [0x00000000f7000000,0x00000000f7978498,0x00000000fa600000)
  to   space 55296K, 0% used [0x00000000fc300000,0x00000000fc300000,0x00000000ff900000)
 ParOldGen       total 174592K, used 129563K [0x00000000a0000000, 0x00000000aaa80000, 0x00000000e0000000)
  object space 174592K, 74% used [0x00000000a0000000,0x00000000a7e86da0,0x00000000aaa80000)
 Metaspace       used 89689K, capacity 97565K, committed 97752K, reserved 1134592K
  class space    used 11305K, capacity 13054K, committed 13056K, reserved 1048576K
}
Event: 6898.440 GC heap before
{Heap before GC invocations=49 (full 3):
 PSYoungGen      total 432128K, used 386013K [0x00000000e0000000, 0x00000000ff900000, 0x0000000100000000)
  eden space 376832K, 99% used [0x00000000e0000000,0x00000000f6f7ef68,0x00000000f7000000)
  from space 55296K, 17% used [0x00000000f7000000,0x00000000f7978498,0x00000000fa600000)
  to   space 55296K, 0% used [0x00000000fc300000,0x00000000fc300000,0x00000000ff900000)
 ParOldGen       total 174592K, used 129563K [0x00000000a0000000, 0x00000000aaa80000, 0x00000000e0000000)
  object space 174592K, 74% used [0x00000000a0000000,0x00000000a7e86da0,0x00000000aaa80000)
 Metaspace       used 90091K, capacity 98157K, committed 98380K, reserved 1134592K
  class space    used 11320K, capacity 13098K, committed 13184K, reserved 1048576K
Event: 6898.450 GC heap after
Heap after GC invocations=49 (full 3):
 PSYoungGen      total 450560K, used 9426K [0x00000000e0000000, 0x00000000ff300000, 0x0000000100000000)
  eden space 401408K, 0% used [0x00000000e0000000,0x00000000e0000000,0x00000000f8800000)
  from space 49152K, 19% used [0x00000000fc300000,0x00000000fcc34bf8,0x00000000ff300000)
  to   space 54784K, 0% used [0x00000000f8800000,0x00000000f8800000,0x00000000fbd80000)
 ParOldGen       total 174592K, used 129571K [0x00000000a0000000, 0x00000000aaa80000, 0x00000000e0000000)
  object space 174592K, 74% used [0x00000000a0000000,0x00000000a7e88da0,0x00000000aaa80000)
 Metaspace       used 90091K, capacity 98157K, committed 98380K, reserved 1134592K
  class space    used 11320K, capacity 13098K, committed 13184K, reserved 1048576K
}
Event: 6900.802 GC heap before
{Heap before GC invocations=50 (full 3):
 PSYoungGen      total 450560K, used 410155K [0x00000000e0000000, 0x00000000ff300000, 0x0000000100000000)
  eden space 401408K, 99% used [0x00000000e0000000,0x00000000f87563d8,0x00000000f8800000)
  from space 49152K, 19% used [0x00000000fc300000,0x00000000fcc34bf8,0x00000000ff300000)
  to   space 54784K, 0% used [0x00000000f8800000,0x00000000f8800000,0x00000000fbd80000)
 ParOldGen       total 174592K, used 129571K [0x00000000a0000000, 0x00000000aaa80000, 0x00000000e0000000)
  object space 174592K, 74% used [0x00000000a0000000,0x00000000a7e88da0,0x00000000aaa80000)
 Metaspace       used 90208K, capacity 98227K, committed 98380K, reserved 1134592K
  class space    used 11320K, capacity 13099K, committed 13184K, reserved 1048576K
Event: 6900.815 GC heap after
Heap after GC invocations=50 (full 3):
 PSYoungGen      total 456192K, used 11364K [0x00000000e0000000, 0x0000000100000000, 0x0000000100000000)
  eden space 401408K, 0% used [0x00000000e0000000,0x00000000e0000000,0x00000000f8800000)
  from space 54784K, 20% used [0x00000000f8800000,0x00000000f93193a8,0x00000000fbd80000)
  to   space 53248K, 0% used [0x00000000fcc00000,0x00000000fcc00000,0x0000000100000000)
 ParOldGen       total 174592K, used 129579K [0x00000000a0000000, 0x00000000aaa80000, 0x00000000e0000000)
  object space 174592K, 74% used [0x00000000a0000000,0x00000000a7e8ada0,0x00000000aaa80000)
 Metaspace       used 90208K, capacity 98227K, committed 98380K, reserved 1134592K
  class space    used 11320K, capacity 13099K, committed 13184K, reserved 1048576K
}
Event: 7003.397 GC heap before
{Heap before GC invocations=51 (full 3):
 PSYoungGen      total 456192K, used 139929K [0x00000000e0000000, 0x0000000100000000, 0x0000000100000000)
  eden space 401408K, 32% used [0x00000000e0000000,0x00000000e7d8d098,0x00000000f8800000)
  from space 54784K, 20% used [0x00000000f8800000,0x00000000f93193a8,0x00000000fbd80000)
  to   space 53248K, 0% used [0x00000000fcc00000,0x00000000fcc00000,0x0000000100000000)
 ParOldGen       total 174592K, used 129579K [0x00000000a0000000, 0x00000000aaa80000, 0x00000000e0000000)
  object space 174592K, 74% used [0x00000000a0000000,0x00000000a7e8ada0,0x00000000aaa80000)
 Metaspace       used 90257K, capacity 98257K, committed 98380K, reserved 1134592K
  class space    used 11328K, capacity 13108K, committed 13184K, reserved 1048576K
Event: 7003.404 GC heap after
Heap after GC invocations=51 (full 3):
 PSYoungGen      total 407552K, used 4944K [0x00000000e0000000, 0x00000000fe100000, 0x0000000100000000)
  eden space 386048K, 0% used [0x00000000e0000000,0x00000000e0000000,0x00000000f7900000)
  from space 21504K, 22% used [0x00000000fcc00000,0x00000000fd0d40f0,0x00000000fe100000)
  to   space 53248K, 0% used [0x00000000f7900000,0x00000000f7900000,0x00000000fad00000)
 ParOldGen       total 174592K, used 129587K [0x00000000a0000000, 0x00000000aaa80000, 0x00000000e0000000)
  object space 174592K, 74% used [0x00000000a0000000,0x00000000a7e8cda0,0x00000000aaa80000)
 Metaspace       used 90257K, capacity 98257K, committed 98380K, reserved 1134592K
  class space    used 11328K, capacity 13108K, committed 13184K, reserved 1048576K
}
Event: 7003.404 GC heap before
{Heap before GC invocations=52 (full 4):
 PSYoungGen      total 407552K, used 4944K [0x00000000e0000000, 0x00000000fe100000, 0x0000000100000000)
  eden space 386048K, 0% used [0x00000000e0000000,0x00000000e0000000,0x00000000f7900000)
  from space 21504K, 22% used [0x00000000fcc00000,0x00000000fd0d40f0,0x00000000fe100000)
  to   space 53248K, 0% used [0x00000000f7900000,0x00000000f7900000,0x00000000fad00000)
 ParOldGen       total 174592K, used 129587K [0x00000000a0000000, 0x00000000aaa80000, 0x00000000e0000000)
  object space 174592K, 74% used [0x00000000a0000000,0x00000000a7e8cda0,0x00000000aaa80000)
 Metaspace       used 90257K, capacity 98257K, committed 98380K, reserved 1134592K
  class space    used 11328K, capacity 13108K, committed 13184K, reserved 1048576K
Event: 7003.783 GC heap after
Heap after GC invocations=52 (full 4):
 PSYoungGen      total 407552K, used 0K [0x00000000e0000000, 0x00000000fe100000, 0x0000000100000000)
  eden space 386048K, 0% used [0x00000000e0000000,0x00000000e0000000,0x00000000f7900000)
  from space 21504K, 0% used [0x00000000fcc00000,0x00000000fcc00000,0x00000000fe100000)
  to   space 53248K, 0% used [0x00000000f7900000,0x00000000f7900000,0x00000000fad00000)
 ParOldGen       total 245248K, used 62888K [0x00000000a0000000, 0x00000000aef80000, 0x00000000e0000000)
  object space 245248K, 25% used [0x00000000a0000000,0x00000000a3d6a2a8,0x00000000aef80000)
 Metaspace       used 88906K, capacity 95944K, committed 98380K, reserved 1134592K
  class space    used 11091K, capacity 12688K, committed 13184K, reserved 1048576K
}

